{"/Users/Fromrome/Desktop/jtc-rep/jtc2/jtc/jtc.js":{"path":"/Users/Fromrome/Desktop/jtc-rep/jtc2/jtc/jtc.js","s":{"1":1,"2":1,"3":1,"4":1,"5":1,"6":8,"7":8,"8":8,"9":8,"10":8,"11":8,"12":1,"13":1,"14":1,"15":1,"16":0,"17":1,"18":1,"19":1,"20":1,"21":1,"22":1,"23":2,"24":1,"25":118,"26":118,"27":80,"28":118,"29":0,"30":1,"31":1,"32":0,"33":1,"34":1,"35":1,"36":1,"37":1,"38":12,"39":1,"40":11,"41":8,"42":7,"43":7,"44":33,"45":9,"46":9,"47":18,"48":18,"49":3,"50":6,"51":8,"52":1,"53":1,"54":2,"55":1,"56":7,"57":89,"58":89,"59":94,"60":44,"61":44,"62":44,"63":44,"64":21,"65":19,"66":1,"67":18,"68":18,"69":80,"70":18,"71":2,"72":2,"73":0,"74":43,"75":88,"76":49,"77":49,"78":49,"79":49,"80":49,"81":5,"82":5,"83":5,"84":49,"85":25,"86":49,"87":49,"88":49,"89":1,"90":1,"91":1,"92":1},"b":{"1":[8,8],"2":[8,0],"3":[1,0],"4":[0,1],"5":[2,0],"6":[2,2],"7":[118,0],"8":[0,1],"9":[1,11],"10":[11,9,2],"11":[33,31,31],"12":[0,9],"13":[9,9],"14":[3,15],"15":[18,17,16],"16":[1,7],"17":[44,50],"18":[21,23],"19":[19,2],"20":[1,18],"21":[2,0],"22":[0,49],"23":[49,49],"24":[5,44],"25":[7,42],"26":[7,6,1],"27":[7,42],"28":[7,6,7],"29":[1,1]},"f":{"1":1,"2":1,"3":1,"4":2,"5":118,"6":1,"7":1,"8":1,"9":12,"10":33,"11":9,"12":8,"13":89,"14":49,"15":25,"16":49},"fnMap":{"1":{"name":"(anonymous_1)","line":18,"loc":{"start":{"line":0,"column":0},"end":{"line":0,"column":0},"skip":true},"skip":true},"2":{"name":"defineProperties","line":18,"loc":{"start":{"line":0,"column":0},"end":{"line":0,"column":0},"skip":true},"skip":true},"3":{"name":"(anonymous_3)","line":18,"loc":{"start":{"line":0,"column":0},"end":{"line":0,"column":0},"skip":true},"skip":true},"4":{"name":"_interopRequireDefault","line":31,"loc":{"start":{"line":0,"column":0},"end":{"line":0,"column":0},"skip":true},"skip":true},"5":{"name":"_toConsumableArray","line":33,"loc":{"start":{"line":0,"column":0},"end":{"line":0,"column":0},"skip":true},"skip":true},"6":{"name":"_classCallCheck","line":35,"loc":{"start":{"line":0,"column":0},"end":{"line":0,"column":0},"skip":true},"skip":true},"7":{"name":"(anonymous_7)","line":37,"loc":{"start":{"line":16,"column":6},"end":{"line":16,"column":6}}},"8":{"name":"Jtc","line":38,"loc":{"start":{"line":0,"column":0},"end":{"line":0,"column":0},"skip":true},"skip":true},"9":{"name":"transform","line":84,"loc":{"start":{"line":0,"column":0},"end":{"line":0,"column":0},"skip":true},"skip":true},"10":{"name":"_valueIsDefined","line":109,"loc":{"start":{"line":0,"column":0},"end":{"line":0,"column":0},"skip":true},"skip":true},"11":{"name":"_validateDescriptor","line":124,"loc":{"start":{"line":0,"column":0},"end":{"line":0,"column":0},"skip":true},"skip":true},"12":{"name":"_processRoot","line":148,"loc":{"start":{"line":0,"column":0},"end":{"line":0,"column":0},"skip":true},"skip":true},"13":{"name":"_processKeys","line":171,"loc":{"start":{"line":0,"column":0},"end":{"line":0,"column":0},"skip":true},"skip":true},"14":{"name":"_reduceString","line":238,"loc":{"start":{"line":0,"column":0},"end":{"line":0,"column":0},"skip":true},"skip":true},"15":{"name":"_insertInTheMiddleOfArray","line":262,"loc":{"start":{"line":0,"column":0},"end":{"line":0,"column":0},"skip":true},"skip":true},"16":{"name":"_processTemplate","line":280,"loc":{"start":{"line":0,"column":0},"end":{"line":0,"column":0},"skip":true},"skip":true}},"statementMap":{"1":{"start":{"line":0,"column":0},"end":{"line":0,"column":0},"skip":true},"2":{"start":{"line":0,"column":0},"end":{"line":0,"column":0},"skip":true},"3":{"start":{"line":0,"column":0},"end":{"line":0,"column":0},"skip":true},"4":{"start":{"line":0,"column":0},"end":{"line":0,"column":0},"skip":true},"5":{"start":{"line":0,"column":0},"end":{"line":0,"column":0},"skip":true},"6":{"start":{"line":0,"column":0},"end":{"line":0,"column":0},"skip":true},"7":{"start":{"line":0,"column":0},"end":{"line":0,"column":0},"skip":true},"8":{"start":{"line":0,"column":0},"end":{"line":0,"column":0},"skip":true},"9":{"start":{"line":0,"column":0},"end":{"line":0,"column":0},"skip":true},"10":{"start":{"line":0,"column":0},"end":{"line":0,"column":0},"skip":true},"11":{"start":{"line":0,"column":0},"end":{"line":0,"column":0},"skip":true},"12":{"start":{"line":0,"column":0},"end":{"line":0,"column":0},"skip":true},"13":{"start":{"line":0,"column":0},"end":{"line":0,"column":0},"skip":true},"14":{"start":{"line":0,"column":0},"end":{"line":0,"column":0},"skip":true},"15":{"start":{"line":0,"column":0},"end":{"line":0,"column":0},"skip":true},"16":{"start":{"line":0,"column":0},"end":{"line":0,"column":0},"skip":true},"17":{"start":{"line":0,"column":0},"end":{"line":0,"column":0},"skip":true},"18":{"start":{"line":0,"column":0},"end":{"line":0,"column":0},"skip":true},"19":{"start":{"line":0,"column":0},"end":{"line":0,"column":0},"skip":true},"20":{"start":{"line":0,"column":0},"end":{"line":0,"column":0},"skip":true},"21":{"start":{"line":0,"column":0},"end":{"line":0,"column":0},"skip":true},"22":{"start":{"line":0,"column":0},"end":{"line":0,"column":0},"skip":true},"23":{"start":{"line":0,"column":0},"end":{"line":0,"column":0},"skip":true},"24":{"start":{"line":0,"column":0},"end":{"line":0,"column":0},"skip":true},"25":{"start":{"line":0,"column":0},"end":{"line":0,"column":0},"skip":true},"26":{"start":{"line":0,"column":0},"end":{"line":0,"column":0},"skip":true},"27":{"start":{"line":0,"column":0},"end":{"line":0,"column":0},"skip":true},"28":{"start":{"line":0,"column":0},"end":{"line":0,"column":0},"skip":true},"29":{"start":{"line":0,"column":0},"end":{"line":0,"column":0},"skip":true},"30":{"start":{"line":0,"column":0},"end":{"line":0,"column":0},"skip":true},"31":{"start":{"line":0,"column":0},"end":{"line":0,"column":0},"skip":true},"32":{"start":{"line":0,"column":0},"end":{"line":0,"column":0},"skip":true},"33":{"start":{"line":0,"column":0},"end":{"line":0,"column":0},"skip":true},"34":{"start":{"line":0,"column":0},"end":{"line":0,"column":0},"skip":true},"35":{"start":{"line":0,"column":0},"end":{"line":0,"column":0},"skip":true},"36":{"start":{"line":0,"column":0},"end":{"line":0,"column":0},"skip":true},"37":{"start":{"line":0,"column":0},"end":{"line":0,"column":0},"skip":true},"38":{"start":{"line":57,"column":4},"end":{"line":57,"column":4}},"39":{"start":{"line":57,"column":23},"end":{"line":57,"column":21}},"40":{"start":{"line":59,"column":4},"end":{"line":56,"column":36}},"41":{"start":{"line":61,"column":4},"end":{"line":56,"column":36}},"42":{"start":{"line":63,"column":4},"end":{"line":56,"column":36}},"43":{"start":{"line":65,"column":4},"end":{"line":56,"column":36}},"44":{"start":{"line":78,"column":4},"end":{"line":77,"column":25}},"45":{"start":{"line":0,"column":0},"end":{"line":0,"column":0},"skip":true},"46":{"start":{"line":91,"column":4},"end":{"line":91,"column":4}},"47":{"start":{"line":92,"column":6},"end":{"line":91,"column":31}},"48":{"start":{"line":93,"column":6},"end":{"line":93,"column":6}},"49":{"start":{"line":94,"column":8},"end":{"line":93,"column":132}},"50":{"start":{"line":98,"column":4},"end":{"line":90,"column":39}},"51":{"start":{"line":111,"column":4},"end":{"line":111,"column":4}},"52":{"start":{"line":112,"column":6},"end":{"line":111,"column":34}},"53":{"start":{"line":113,"column":6},"end":{"line":113,"column":6}},"54":{"start":{"line":114,"column":8},"end":{"line":113,"column":55}},"55":{"start":{"line":116,"column":6},"end":{"line":111,"column":34}},"56":{"start":{"line":118,"column":6},"end":{"line":117,"column":11}},"57":{"start":{"line":132,"column":4},"end":{"line":131,"column":27}},"58":{"start":{"line":134,"column":4},"end":{"line":134,"column":4}},"59":{"start":{"line":135,"column":6},"end":{"line":135,"column":6}},"60":{"start":{"line":138,"column":8},"end":{"line":135,"column":53}},"61":{"start":{"line":140,"column":8},"end":{"line":141,"column":12}},"62":{"start":{"line":135,"column":53},"end":{"line":135,"column":53}},"63":{"start":{"line":149,"column":8},"end":{"line":149,"column":8}},"64":{"start":{"line":151,"column":10},"end":{"line":163,"column":17}},"65":{"start":{"line":152,"column":12},"end":{"line":152,"column":12}},"66":{"start":{"line":153,"column":14},"end":{"line":152,"column":61}},"67":{"start":{"line":155,"column":12},"end":{"line":155,"column":16}},"68":{"start":{"line":151,"column":58},"end":{"line":158,"column":12}},"69":{"start":{"line":159,"column":14},"end":{"line":158,"column":70}},"70":{"start":{"line":162,"column":12},"end":{"line":151,"column":58}},"71":{"start":{"line":163,"column":17},"end":{"line":163,"column":17}},"72":{"start":{"line":165,"column":12},"end":{"line":163,"column":56}},"73":{"start":{"line":168,"column":12},"end":{"line":166,"column":17}},"74":{"start":{"line":172,"column":8},"end":{"line":135,"column":53}},"75":{"start":{"line":179,"column":4},"end":{"line":131,"column":27}},"76":{"start":{"line":0,"column":0},"end":{"line":0,"column":0},"skip":true},"77":{"start":{"line":203,"column":4},"end":{"line":202,"column":70}},"78":{"start":{"line":205,"column":4},"end":{"line":205,"column":4}},"79":{"start":{"line":202,"column":70},"end":{"line":202,"column":70}},"80":{"start":{"line":213,"column":4},"end":{"line":213,"column":4}},"81":{"start":{"line":215,"column":6},"end":{"line":213,"column":34}},"82":{"start":{"line":217,"column":6},"end":{"line":217,"column":10}},"83":{"start":{"line":213,"column":34},"end":{"line":213,"column":34}},"84":{"start":{"line":223,"column":4},"end":{"line":202,"column":70}},"85":{"start":{"line":227,"column":4},"end":{"line":226,"column":60}},"86":{"start":{"line":247,"column":4},"end":{"line":246,"column":68}},"87":{"start":{"line":250,"column":4},"end":{"line":246,"column":68}},"88":{"start":{"line":253,"column":4},"end":{"line":246,"column":68}},"89":{"start":{"line":0,"column":0},"end":{"line":0,"column":0},"skip":true},"90":{"start":{"line":264,"column":0},"end":{"line":264,"column":4}},"91":{"start":{"line":266,"column":0},"end":{"line":266,"column":6}},"92":{"start":{"line":0,"column":0},"end":{"line":0,"column":0},"skip":true}},"branchMap":{"1":{"line":18,"type":"binary-expr","locations":[{"start":{"line":0,"column":0},"end":{"line":0,"column":0},"skip":true},{"start":{"line":0,"column":0},"end":{"line":0,"column":0},"skip":true}]},"2":{"line":18,"type":"if","locations":[{"start":{"line":0,"column":0},"end":{"line":0,"column":0},"skip":true},{"start":{"line":0,"column":0},"end":{"line":0,"column":0},"skip":true}]},"3":{"line":18,"type":"if","locations":[{"start":{"line":0,"column":0},"end":{"line":0,"column":0},"skip":true},{"start":{"line":0,"column":0},"end":{"line":0,"column":0},"skip":true}]},"4":{"line":18,"type":"if","locations":[{"start":{"line":0,"column":0},"end":{"line":0,"column":0},"skip":true},{"start":{"line":0,"column":0},"end":{"line":0,"column":0},"skip":true}]},"5":{"line":31,"type":"cond-expr","locations":[{"start":{"line":0,"column":0},"end":{"line":0,"column":0},"skip":true},{"start":{"line":0,"column":0},"end":{"line":0,"column":0},"skip":true}]},"6":{"line":31,"type":"binary-expr","locations":[{"start":{"line":0,"column":0},"end":{"line":0,"column":0},"skip":true},{"start":{"line":0,"column":0},"end":{"line":0,"column":0},"skip":true}]},"7":{"line":33,"type":"if","locations":[{"start":{"line":0,"column":0},"end":{"line":0,"column":0},"skip":true},{"start":{"line":0,"column":0},"end":{"line":0,"column":0},"skip":true}]},"8":{"line":35,"type":"if","locations":[{"start":{"line":0,"column":0},"end":{"line":0,"column":0},"skip":true},{"start":{"line":0,"column":0},"end":{"line":0,"column":0},"skip":true}]},"9":{"line":85,"type":"if","locations":[{"start":{"line":57,"column":4},"end":{"line":57,"column":4}},{"start":{"line":57,"column":4},"end":{"line":57,"column":4}}]},"10":{"line":89,"type":"binary-expr","locations":[{"start":{"line":59,"column":22},"end":{"line":59,"column":22}},{"start":{"line":59,"column":36},"end":{"line":59,"column":22}},{"start":{"line":59,"column":22},"end":{"line":59,"column":4}}]},"11":{"line":110,"type":"binary-expr","locations":[{"start":{"line":78,"column":11},"end":{"line":78,"column":11}},{"start":{"line":78,"column":34},"end":{"line":78,"column":34}},{"start":{"line":78,"column":53},"end":{"line":78,"column":53}}]},"12":{"line":125,"type":"cond-expr","locations":[{"start":{"line":90,"column":35},"end":{"line":90,"column":35}},{"start":{"line":90,"column":35},"end":{"line":90,"column":35}}]},"13":{"line":125,"type":"binary-expr","locations":[{"start":{"line":90,"column":22},"end":{"line":90,"column":22}},{"start":{"line":90,"column":22},"end":{"line":90,"column":22}}]},"14":{"line":129,"type":"if","locations":[{"start":{"line":93,"column":6},"end":{"line":93,"column":6}},{"start":{"line":93,"column":6},"end":{"line":93,"column":6}}]},"15":{"line":129,"type":"binary-expr","locations":[{"start":{"line":93,"column":9},"end":{"line":93,"column":10}},{"start":{"line":93,"column":33},"end":{"line":93,"column":33}},{"start":{"line":93,"column":85},"end":{"line":93,"column":85}}]},"16":{"line":149,"type":"if","locations":[{"start":{"line":111,"column":4},"end":{"line":111,"column":4}},{"start":{"line":111,"column":4},"end":{"line":111,"column":4}}]},"17":{"line":175,"type":"if","locations":[{"start":{"line":135,"column":6},"end":{"line":135,"column":6}},{"start":{"line":135,"column":6},"end":{"line":135,"column":6}}]},"18":{"line":186,"type":"if","locations":[{"start":{"line":149,"column":8},"end":{"line":149,"column":8}},{"start":{"line":149,"column":8},"end":{"line":149,"column":8}}]},"19":{"line":188,"type":"if","locations":[{"start":{"line":151,"column":10},"end":{"line":151,"column":10}},{"start":{"line":151,"column":10},"end":{"line":151,"column":10}}]},"20":{"line":189,"type":"if","locations":[{"start":{"line":152,"column":12},"end":{"line":152,"column":12}},{"start":{"line":152,"column":12},"end":{"line":152,"column":12}}]},"21":{"line":200,"type":"if","locations":[{"start":{"line":163,"column":17},"end":{"line":163,"column":17}},{"start":{"line":163,"column":17},"end":{"line":163,"column":17}}]},"22":{"line":239,"type":"cond-expr","locations":[{"start":{"line":202,"column":66},"end":{"line":202,"column":66}},{"start":{"line":202,"column":66},"end":{"line":202,"column":66}}]},"23":{"line":239,"type":"binary-expr","locations":[{"start":{"line":202,"column":53},"end":{"line":202,"column":53}},{"start":{"line":202,"column":53},"end":{"line":202,"column":53}}]},"24":{"line":248,"type":"if","locations":[{"start":{"line":213,"column":4},"end":{"line":213,"column":4}},{"start":{"line":213,"column":4},"end":{"line":213,"column":4}}]},"25":{"line":281,"type":"cond-expr","locations":[{"start":{"line":248,"column":6},"end":{"line":247,"column":16}},{"start":{"line":248,"column":123},"end":{"line":248,"column":123}}]},"26":{"line":281,"type":"binary-expr","locations":[{"start":{"line":248,"column":8},"end":{"line":248,"column":8}},{"start":{"line":248,"column":37},"end":{"line":248,"column":37}},{"start":{"line":248,"column":77},"end":{"line":248,"column":8}}]},"27":{"line":283,"type":"cond-expr","locations":[{"start":{"line":251,"column":6},"end":{"line":250,"column":14}},{"start":{"line":251,"column":119},"end":{"line":251,"column":119}}]},"28":{"line":283,"type":"binary-expr","locations":[{"start":{"line":251,"column":36},"end":{"line":251,"column":36}},{"start":{"line":251,"column":65},"end":{"line":251,"column":65}},{"start":{"line":251,"column":103},"end":{"line":251,"column":36}}]},"29":{"line":303,"type":"binary-expr","locations":[{"start":{"line":266,"column":6},"end":{"line":266,"column":6}},{"start":{"line":266,"column":13},"end":{"line":266,"column":6}}]}}},"/Users/Fromrome/Desktop/jtc-rep/jtc2/jtc/default-descriptor-jasmine.js":{"path":"/Users/Fromrome/Desktop/jtc-rep/jtc2/jtc/default-descriptor-jasmine.js","s":{"1":1,"2":1},"b":{},"f":{},"fnMap":{},"statementMap":{"1":{"start":{"line":0,"column":0},"end":{"line":0,"column":0},"skip":true},"2":{"start":{"line":0,"column":0},"end":{"line":0,"column":0},"skip":true}},"branchMap":{}}}