TN:
SF:/Users/Fromrome/Desktop/jtc-rep/jtc2/jtc/jtc.js
FN:18,(anonymous_1)
FN:18,defineProperties
FN:18,(anonymous_3)
FN:31,_interopRequireDefault
FN:33,_toConsumableArray
FN:35,_classCallCheck
FN:37,(anonymous_7)
FN:38,Jtc
FN:84,transform
FN:109,_valueIsDefined
FN:124,_validateDescriptor
FN:148,_processRoot
FN:171,_processKeys
FN:238,_reduceString
FN:262,_insertInTheMiddleOfArray
FN:280,_processTemplate
FNF:16
FNH:16
FNDA:1,(anonymous_1)
FNDA:1,defineProperties
FNDA:1,(anonymous_3)
FNDA:2,_interopRequireDefault
FNDA:118,_toConsumableArray
FNDA:1,_classCallCheck
FNDA:1,(anonymous_7)
FNDA:1,Jtc
FNDA:12,transform
FNDA:33,_valueIsDefined
FNDA:9,_validateDescriptor
FNDA:8,_processRoot
FNDA:89,_processKeys
FNDA:49,_reduceString
FNDA:25,_insertInTheMiddleOfArray
FNDA:49,_processTemplate
DA:0,118
DA:57,12
DA:59,11
DA:61,8
DA:63,7
DA:65,7
DA:78,33
DA:91,9
DA:92,18
DA:93,18
DA:94,3
DA:98,6
DA:111,8
DA:112,1
DA:113,1
DA:114,2
DA:116,1
DA:118,7
DA:132,89
DA:134,89
DA:135,94
DA:138,44
DA:140,44
DA:149,44
DA:151,21
DA:152,19
DA:153,1
DA:155,18
DA:159,80
DA:162,18
DA:163,2
DA:165,2
DA:168,0
DA:172,43
DA:179,88
DA:202,49
DA:203,49
DA:205,49
DA:213,49
DA:215,5
DA:217,5
DA:223,49
DA:227,25
DA:247,49
DA:250,49
DA:253,49
DA:264,1
DA:266,1
LF:48
LH:47
BRDA:18,1,0,8
BRDA:18,1,1,8
BRDA:18,2,0,8
BRDA:18,2,1,0
BRDA:18,3,0,1
BRDA:18,3,1,0
BRDA:18,4,0,0
BRDA:18,4,1,1
BRDA:31,5,0,2
BRDA:31,5,1,0
BRDA:31,6,0,2
BRDA:31,6,1,2
BRDA:33,7,0,118
BRDA:33,7,1,0
BRDA:35,8,0,0
BRDA:35,8,1,1
BRDA:85,9,0,1
BRDA:85,9,1,11
BRDA:89,10,0,11
BRDA:89,10,1,9
BRDA:89,10,2,2
BRDA:110,11,0,33
BRDA:110,11,1,31
BRDA:110,11,2,31
BRDA:125,12,0,0
BRDA:125,12,1,9
BRDA:125,13,0,9
BRDA:125,13,1,9
BRDA:129,14,0,3
BRDA:129,14,1,15
BRDA:129,15,0,18
BRDA:129,15,1,17
BRDA:129,15,2,16
BRDA:149,16,0,1
BRDA:149,16,1,7
BRDA:175,17,0,44
BRDA:175,17,1,50
BRDA:186,18,0,21
BRDA:186,18,1,23
BRDA:188,19,0,19
BRDA:188,19,1,2
BRDA:189,20,0,1
BRDA:189,20,1,18
BRDA:200,21,0,2
BRDA:200,21,1,0
BRDA:239,22,0,0
BRDA:239,22,1,49
BRDA:239,23,0,49
BRDA:239,23,1,49
BRDA:248,24,0,5
BRDA:248,24,1,44
BRDA:281,25,0,7
BRDA:281,25,1,42
BRDA:281,26,0,7
BRDA:281,26,1,6
BRDA:281,26,2,1
BRDA:283,27,0,7
BRDA:283,27,1,42
BRDA:283,28,0,7
BRDA:283,28,1,6
BRDA:283,28,2,7
BRDA:303,29,0,1
BRDA:303,29,1,1
BRF:63
BRH:60
end_of_record
TN:
SF:/Users/Fromrome/Desktop/jtc-rep/jtc2/jtc/default-descriptor-jasmine.js
FNF:0
FNH:0
DA:0,1
LF:1
LH:1
BRF:0
BRH:0
end_of_record
